c:\users\hp\source\repos\scientificcalculator\scientificcalculator\x64\release\vc143.pdb
c:\users\hp\source\repos\scientificcalculator\scientificcalculator\x64\release\.netframework,version=v4.7.2.assemblyattributes.obj
c:\users\hp\source\repos\scientificcalculator\scientificcalculator\x64\release\myform.obj
c:\users\hp\source\repos\scientificcalculator\x64\release\scientificcalculator.exe
c:\users\hp\source\repos\scientificcalculator\x64\release\scientificcalculator.pdb
c:\users\hp\source\repos\scientificcalculator\scientificcalculator\x64\release\scientificcalculator.res
c:\users\hp\source\repos\scientificcalculator\scientificcalculator\x64\release\scientificcalculator.obj
c:\users\hp\source\repos\scientificcalculator\scientificcalculator\x64\release\scientif.e81f8d00.tlog\cl.command.1.tlog
c:\users\hp\source\repos\scientificcalculator\scientificcalculator\x64\release\scientif.e81f8d00.tlog\cl.items.tlog
c:\users\hp\source\repos\scientificcalculator\scientificcalculator\x64\release\scientif.e81f8d00.tlog\cl.read.1.tlog
c:\users\hp\source\repos\scientificcalculator\scientificcalculator\x64\release\scientif.e81f8d00.tlog\cl.write.1.tlog
c:\users\hp\source\repos\scientificcalculator\scientificcalculator\x64\release\scientif.e81f8d00.tlog\link.command.1.tlog
c:\users\hp\source\repos\scientificcalculator\scientificcalculator\x64\release\scientif.e81f8d00.tlog\link.read.1.tlog
c:\users\hp\source\repos\scientificcalculator\scientificcalculator\x64\release\scientif.e81f8d00.tlog\link.secondary.1.tlog
c:\users\hp\source\repos\scientificcalculator\scientificcalculator\x64\release\scientif.e81f8d00.tlog\link.write.1.tlog
c:\users\hp\source\repos\scientificcalculator\scientificcalculator\x64\release\scientif.e81f8d00.tlog\metagen.read.1.tlog
c:\users\hp\source\repos\scientificcalculator\scientificcalculator\x64\release\scientif.e81f8d00.tlog\metagen.write.1.tlog
c:\users\hp\source\repos\scientificcalculator\scientificcalculator\x64\release\scientif.e81f8d00.tlog\rc.command.1.tlog
c:\users\hp\source\repos\scientificcalculator\scientificcalculator\x64\release\scientif.e81f8d00.tlog\rc.read.1.tlog
c:\users\hp\source\repos\scientificcalculator\scientificcalculator\x64\release\scientif.e81f8d00.tlog\rc.write.1.tlog
c:\users\hp\source\repos\scientificcalculator\scientificcalculator\x64\release\scientif.e81f8d00.tlog\resgen.command.1.tlog
c:\users\hp\source\repos\scientificcalculator\scientificcalculator\x64\release\scientif.e81f8d00.tlog\resgen.read.1.tlog
c:\users\hp\source\repos\scientificcalculator\scientificcalculator\x64\release\scientif.e81f8d00.tlog\resgen.write.1.tlog
